186964960	dataset/w4c23/2019/HRIT/boxi_0076.test.reflbt0.ns.h5
190516923	dataset/w4c23/2019/HRIT/boxi_0015.test.reflbt0.ns.h5
195486278	dataset/w4c23/2019/HRIT/boxi_0034.test.reflbt0.ns.h5
271698368	dataset/w4c23/stage-2/2020/HRIT/roxi_0008.test.reflbt0.ns.h5
273978460	dataset/w4c23/stage-2/2021/HRIT/roxi_0008.test.reflbt0.ns.h5
278696194	dataset/w4c23/stage-2/2019/HRIT/roxi_0008.test.reflbt0.ns.h5
304810370	dataset/w4c23/stage-2/2019/HRIT/roxi_0007.test.reflbt0.ns.h5
308080366	dataset/w4c23/stage-2/2020/HRIT/boxi_0076.test.reflbt0.ns.h5
311332524	dataset/w4c23/stage-2/2019/HRIT/roxi_0010.test.reflbt0.ns.h5
311575548	dataset/w4c23/stage-2/2020/HRIT/roxi_0007.test.reflbt0.ns.h5
312744076	dataset/w4c23/stage-2/2021/HRIT/roxi_0007.test.reflbt0.ns.h5
312760522	dataset/w4c23/stage-2/2020/HRIT/roxi_0009.test.reflbt0.ns.h5
314646560	dataset/w4c23/stage-2/2020/HRIT/boxi_0034.test.reflbt0.ns.h5
316677813	dataset/w4c23/stage-2/2020/HRIT/roxi_0005.test.reflbt0.ns.h5
316739214	dataset/w4c23/stage-2/2021/HRIT/roxi_0005.test.reflbt0.ns.h5
317265220	dataset/w4c23/stage-2/2019/HRIT/roxi_0004.test.reflbt0.ns.h5
317374636	dataset/w4c23/stage-2/2019/HRIT/roxi_0005.test.reflbt0.ns.h5
317646777	dataset/w4c23/stage-2/2020/HRIT/roxi_0010.test.reflbt0.ns.h5
317932076	dataset/w4c23/stage-2/2021/HRIT/boxi_0076.test.reflbt0.ns.h5
318032538	dataset/w4c23/stage-2/2020/HRIT/roxi_0006.test.reflbt0.ns.h5
318050551	dataset/w4c23/stage-2/2021/HRIT/boxi_0034.test.reflbt0.ns.h5
318987235	dataset/w4c23/stage-2/2021/HRIT/boxi_0015.test.reflbt0.ns.h5
320232973	dataset/w4c23/stage-2/2021/HRIT/roxi_0009.test.reflbt0.ns.h5
320267044	dataset/w4c23/stage-2/2021/HRIT/roxi_0004.test.reflbt0.ns.h5
321336948	dataset/w4c23/stage-2/2020/HRIT/boxi_0015.test.reflbt0.ns.h5
322328334	dataset/w4c23/stage-2/2021/HRIT/roxi_0010.test.reflbt0.ns.h5
323302683	dataset/w4c23/stage-2/2021/HRIT/roxi_0006.test.reflbt0.ns.h5
324786464	dataset/w4c23/stage-2/2019/HRIT/roxi_0006.test.reflbt0.ns.h5
324882944	dataset/w4c23/stage-2/2020/HRIT/roxi_0004.test.reflbt0.ns.h5
326209083	dataset/w4c23/stage-2/2019/HRIT/roxi_0009.test.reflbt0.ns.h5
1764188522	dataset/w4c23/2019/HRIT/boxi_0015.val.reflbt0.ns.h5
1771268172	dataset/w4c23/2019/HRIT/boxi_0076.val.reflbt0.ns.h5
1823983638	dataset/w4c23/2019/HRIT/boxi_0034.val.reflbt0.ns.h5
2812865753	dataset/w4c23/stage-2/2020/HRIT/roxi_0007.val.reflbt0.ns.h5
2814444355	dataset/w4c23/stage-2/2020/HRIT/roxi_0005.val.reflbt0.ns.h5
2814971013	dataset/w4c23/stage-2/2020/HRIT/roxi_0004.val.reflbt0.ns.h5
2832862715	dataset/w4c23/stage-2/2020/HRIT/boxi_0076.val.reflbt0.ns.h5
2858680370	dataset/w4c23/stage-2/2020/HRIT/boxi_0015.val.reflbt0.ns.h5
2901152572	dataset/w4c23/stage-2/2020/HRIT/boxi_0034.val.reflbt0.ns.h5
2901644291	dataset/w4c23/stage-2/2020/HRIT/roxi_0006.val.reflbt0.ns.h5
2907670197	dataset/w4c23/stage-2/2019/HRIT/roxi_0007.val.reflbt0.ns.h5
2919899063	dataset/w4c23/stage-2/2019/HRIT/roxi_0005.val.reflbt0.ns.h5
2922556333	dataset/w4c23/stage-2/2019/HRIT/roxi_0004.val.reflbt0.ns.h5
3005600996	dataset/w4c23/stage-2/2019/HRIT/roxi_0006.val.reflbt0.ns.h5
16210702373	dataset/w4c23/2019/HRIT/boxi_0076.train.reflbt0.ns.h5
16305228821	dataset/w4c23/2019/HRIT/boxi_0015.train.reflbt0.ns.h5
16549367502	dataset/w4c23/2019/HRIT/boxi_0034.train.reflbt0.ns.h5
26128724361	dataset/w4c23/stage-2/2019/HRIT/roxi_0007.train.reflbt0.ns.h5
26881772279	dataset/w4c23/stage-2/2019/HRIT/roxi_0005.train.reflbt0.ns.h5
27211116393	dataset/w4c23/stage-2/2019/HRIT/roxi_0004.train.reflbt0.ns.h5
27512203152	dataset/w4c23/stage-2/2019/HRIT/roxi_0006.train.reflbt0.ns.h5
32123664489	dataset/w4c23/stage-2/2020/HRIT/roxi_0007.train.reflbt0.ns.h5
32247531924	dataset/w4c23/stage-2/2020/HRIT/boxi_0076.train.reflbt0.ns.h5
32479177291	dataset/w4c23/stage-2/2020/HRIT/roxi_0005.train.reflbt0.ns.h5
32803199283	dataset/w4c23/stage-2/2020/HRIT/roxi_0004.train.reflbt0.ns.h5
32887875728	dataset/w4c23/stage-2/2020/HRIT/boxi_0015.train.reflbt0.ns.h5
33031215967	dataset/w4c23/stage-2/2020/HRIT/boxi_0034.train.reflbt0.ns.h5
33067314274	dataset/w4c23/stage-2/2020/HRIT/roxi_0006.train.reflbt0.ns.h5
