HRIT Index built for type: train
{'/home/lucianodourado/weather-4-cast/dataset/w4c24/2019/HRIT/boxi_0015.train.reflbt0.ns.h5': (0, 20305), '/home/lucianodourado/weather-4-cast/dataset/w4c24/2020/HRIT/boxi_0015.train.reflbt0.ns.h5': (20305, 24641), '/home/lucianodourado/weather-4-cast/dataset/w4c24/2019/HRIT/boxi_0034.train.reflbt0.ns.h5': (44946, 20305), '/home/lucianodourado/weather-4-cast/dataset/w4c24/2020/HRIT/boxi_0034.train.reflbt0.ns.h5': (65251, 24641), '/home/lucianodourado/weather-4-cast/dataset/w4c24/2019/HRIT/boxi_0076.train.reflbt0.ns.h5': (89892, 20305), '/home/lucianodourado/weather-4-cast/dataset/w4c24/2020/HRIT/boxi_0076.train.reflbt0.ns.h5': (110197, 24641), '/home/lucianodourado/weather-4-cast/dataset/w4c24/2019/HRIT/roxi_0004.train.reflbt0.ns.h5': (134838, 20305), '/home/lucianodourado/weather-4-cast/dataset/w4c24/2020/HRIT/roxi_0004.train.reflbt0.ns.h5': (155143, 24641), '/home/lucianodourado/weather-4-cast/dataset/w4c24/2019/HRIT/roxi_0005.train.reflbt0.ns.h5': (179784, 20305), '/home/lucianodourado/weather-4-cast/dataset/w4c24/2020/HRIT/roxi_0005.train.reflbt0.ns.h5': (200089, 24641), '/home/lucianodourado/weather-4-cast/dataset/w4c24/2019/HRIT/roxi_0006.train.reflbt0.ns.h5': (224730, 20305), '/home/lucianodourado/weather-4-cast/dataset/w4c24/2020/HRIT/roxi_0006.train.reflbt0.ns.h5': (245035, 24641), '/home/lucianodourado/weather-4-cast/dataset/w4c24/2019/HRIT/roxi_0007.train.reflbt0.ns.h5': (269676, 20305), '/home/lucianodourado/weather-4-cast/dataset/w4c24/2020/HRIT/roxi_0007.train.reflbt0.ns.h5': (289981, 24641)}
HRIT Train Size: 314664
HRIT Val Size: 30240
Dataset Length: 314664
First item: tensor([[[[1.1210e-03, 1.1210e-03, 0.0000e+00,  ..., 1.1210e-03,
           2.2420e-03, 1.1210e-03],
          [0.0000e+00, 2.2420e-03, 1.1210e-03,  ..., 1.1210e-03,
           2.2420e-03, 0.0000e+00],
          [0.0000e+00, 0.0000e+00, 2.2420e-03,  ..., 1.1210e-03,
           1.1210e-03, 2.2420e-03],
          ...,
          [1.1210e-03, 2.2420e-03, 2.2420e-03,  ..., 2.2420e-03,
           1.1210e-03, 0.0000e+00],
          [2.2420e-03, 1.1210e-03, 1.1210e-03,  ..., 1.1210e-03,
           2.2420e-03, 1.1210e-03],
          [1.1210e-03, 1.1210e-03, 2.2420e-03,  ..., 1.1210e-03,
           3.3629e-03, 1.1210e-03]],

         [[2.5712e+02, 2.5712e+02, 2.5712e+02,  ..., 2.6380e+02,
           2.6380e+02, 2.6418e+02],
          [2.5863e+02, 2.5764e+02, 2.5814e+02,  ..., 2.6380e+02,
           2.6341e+02, 2.6418e+02],
          [2.5814e+02, 2.5814e+02, 2.5814e+02,  ..., 2.6341e+02,
           2.6492e+02, 2.6528e+02],
          ...,
          [2.7945e+02, 2.7965e+02, 2.7945e+02,  ..., 2.7042e+02,
           2.7154e+02, 2.7262e+02],
          [2.7945e+02, 2.7945e+02, 2.7965e+02,  ..., 2.7042e+02,
           2.7154e+02, 2.7262e+02],
          [2.7965e+02, 2.7965e+02, 2.7965e+02,  ..., 2.7209e+02,
           2.7209e+02, 2.7364e+02]],

         [[2.5248e+02, 2.5229e+02, 2.5267e+02,  ..., 2.6383e+02,
           2.6414e+02, 2.6383e+02],
          [2.5341e+02, 2.5359e+02, 2.5396e+02,  ..., 2.6274e+02,
           2.6259e+02, 2.6290e+02],
          [2.5341e+02, 2.5377e+02, 2.5396e+02,  ..., 2.6083e+02,
           2.6115e+02, 2.6243e+02],
          ...,
          [2.8120e+02, 2.8108e+02, 2.8108e+02,  ..., 2.7166e+02,
           2.7301e+02, 2.7407e+02],
          [2.8108e+02, 2.8120e+02, 2.8120e+02,  ..., 2.7179e+02,
           2.7288e+02, 2.7407e+02],
          [2.8120e+02, 2.8132e+02, 2.8143e+02,  ..., 2.7328e+02,
           2.7381e+02, 2.7460e+02]],

         ...,

         [[3.4089e-03, 3.4089e-03, 3.4089e-03,  ..., 4.5452e-03,
           3.4089e-03, 3.4089e-03],
          [3.4089e-03, 4.5452e-03, 3.4089e-03,  ..., 3.4089e-03,
           2.2726e-03, 4.5452e-03],
          [3.4089e-03, 4.5452e-03, 4.5452e-03,  ..., 3.4089e-03,
           3.4089e-03, 4.5452e-03],
          ...,
          [4.5452e-03, 3.4089e-03, 4.5452e-03,  ..., 3.4089e-03,
           3.4089e-03, 4.5452e-03],
          [4.5452e-03, 3.4089e-03, 3.4089e-03,  ..., 4.5452e-03,
           3.4089e-03, 3.4089e-03],
          [3.4089e-03, 4.5452e-03, 4.5452e-03,  ..., 3.4089e-03,
           4.5452e-03, 3.4089e-03]],

         [[2.2044e+02, 2.2009e+02, 2.2044e+02,  ..., 2.2352e+02,
           2.2424e+02, 2.2424e+02],
          [2.2020e+02, 2.2055e+02, 2.2020e+02,  ..., 2.2352e+02,
           2.2342e+02, 2.2289e+02],
          [2.2055e+02, 2.2020e+02, 2.2067e+02,  ..., 2.2300e+02,
           2.2289e+02, 2.2235e+02],
          ...,
          [2.3834e+02, 2.3834e+02, 2.3846e+02,  ..., 2.3246e+02,
           2.3239e+02, 2.3208e+02],
          [2.3834e+02, 2.3865e+02, 2.3846e+02,  ..., 2.3246e+02,
           2.3254e+02, 2.3231e+02],
          [2.3840e+02, 2.3828e+02, 2.3821e+02,  ..., 2.3231e+02,
           2.3246e+02, 2.3216e+02]],

         [[2.3497e+02, 2.3482e+02, 2.3497e+02,  ..., 2.4055e+02,
           2.4081e+02, 2.4055e+02],
          [2.3556e+02, 2.3556e+02, 2.3571e+02,  ..., 2.4003e+02,
           2.3950e+02, 2.3950e+02],
          [2.3512e+02, 2.3571e+02, 2.3615e+02,  ..., 2.3882e+02,
           2.3841e+02, 2.3869e+02],
          ...,
          [2.5944e+02, 2.5936e+02, 2.5953e+02,  ..., 2.5414e+02,
           2.5395e+02, 2.5414e+02],
          [2.5936e+02, 2.5944e+02, 2.5936e+02,  ..., 2.5432e+02,
           2.5442e+02, 2.5451e+02],
          [2.5936e+02, 2.5928e+02, 2.5928e+02,  ..., 2.5460e+02,
           2.5479e+02, 2.5488e+02]]],


        [[[1.1210e-03, 0.0000e+00, 0.0000e+00,  ..., 1.1210e-03,
           1.1210e-03, 0.0000e+00],
          [2.2420e-03, 0.0000e+00, 0.0000e+00,  ..., 1.1210e-03,
           1.1210e-03, 1.1210e-03],
          [1.1210e-03, 1.1210e-03, 2.2420e-03,  ..., 1.1210e-03,
           2.2420e-03, 1.1210e-03],
          ...,
          [1.1210e-03, 1.1210e-03, 1.1210e-03,  ..., 2.2420e-03,
           1.1210e-03, 2.2420e-03],
          [1.1210e-03, 1.1210e-03, 2.2420e-03,  ..., 1.1210e-03,
           2.2420e-03, 1.1210e-03],
          [1.1210e-03, 1.1210e-03, 2.2420e-03,  ..., 3.3630e-03,
           1.1210e-03, 1.1210e-03]],

         [[2.5660e+02, 2.5660e+02, 2.5814e+02,  ..., 2.6262e+02,
           2.6341e+02, 2.6418e+02],
          [2.5814e+02, 2.5863e+02, 2.5863e+02,  ..., 2.6564e+02,
           2.6492e+02, 2.6492e+02],
          [2.5863e+02, 2.5863e+02, 2.5863e+02,  ..., 2.6564e+02,
           2.6418e+02, 2.6380e+02],
          ...,
          [2.7945e+02, 2.7945e+02, 2.7945e+02,  ..., 2.7070e+02,
           2.7182e+02, 2.7209e+02],
          [2.7945e+02, 2.7945e+02, 2.7965e+02,  ..., 2.7042e+02,
           2.7154e+02, 2.7262e+02],
          [2.7984e+02, 2.7945e+02, 2.7945e+02,  ..., 2.7154e+02,
           2.7262e+02, 2.7339e+02]],

         [[2.5172e+02, 2.5267e+02, 2.5341e+02,  ..., 2.6179e+02,
           2.6274e+02, 2.6399e+02],
          [2.5322e+02, 2.5504e+02, 2.5522e+02,  ..., 2.6490e+02,
           2.6445e+02, 2.6475e+02],
          [2.5450e+02, 2.5558e+02, 2.5575e+02,  ..., 2.6368e+02,
           2.6290e+02, 2.6259e+02],
          ...,
          [2.8120e+02, 2.8120e+02, 2.8120e+02,  ..., 2.7179e+02,
           2.7301e+02, 2.7407e+02],
          [2.8120e+02, 2.8108e+02, 2.8108e+02,  ..., 2.7193e+02,
           2.7274e+02, 2.7433e+02],
          [2.8132e+02, 2.8132e+02, 2.8132e+02,  ..., 2.7341e+02,
           2.7407e+02, 2.7460e+02]],

         ...,

         [[3.4089e-03, 2.2726e-03, 2.2726e-03,  ..., 3.4089e-03,
           3.4089e-03, 2.2726e-03],
          [3.4089e-03, 2.2726e-03, 2.2726e-03,  ..., 3.4089e-03,
           3.4089e-03, 2.2726e-03],
          [2.2726e-03, 3.4089e-03, 3.4089e-03,  ..., 3.4089e-03,
           3.4089e-03, 3.4089e-03],
          ...,
          [2.2726e-03, 3.4089e-03, 3.4089e-03,  ..., 3.4089e-03,
           3.4089e-03, 3.4089e-03],
          [2.2726e-03, 3.4089e-03, 2.2726e-03,  ..., 3.4089e-03,
           2.2726e-03, 3.4089e-03],
          [3.4089e-03, 2.2726e-03, 2.2726e-03,  ..., 3.4089e-03,
           3.4089e-03, 3.4089e-03]],

         [[2.1961e+02, 2.1997e+02, 2.2079e+02,  ..., 2.2289e+02,
           2.2289e+02, 2.2321e+02],
          [2.2020e+02, 2.2124e+02, 2.2090e+02,  ..., 2.2373e+02,
           2.2404e+02, 2.2434e+02],
          [2.2055e+02, 2.2079e+02, 2.2136e+02,  ..., 2.2352e+02,
           2.2383e+02, 2.2352e+02],
          ...,
          [2.3828e+02, 2.3834e+02, 2.3828e+02,  ..., 2.3223e+02,
           2.3223e+02, 2.3216e+02],
          [2.3821e+02, 2.3840e+02, 2.3853e+02,  ..., 2.3239e+02,
           2.3231e+02, 2.3192e+02],
          [2.3865e+02, 2.3859e+02, 2.3853e+02,  ..., 2.3239e+02,
           2.3239e+02, 2.3246e+02]],

         [[2.3421e+02, 2.3512e+02, 2.3571e+02,  ..., 2.3963e+02,
           2.4029e+02, 2.4081e+02],
          [2.3512e+02, 2.3644e+02, 2.3730e+02,  ..., 2.4107e+02,
           2.4132e+02, 2.4107e+02],
          [2.3571e+02, 2.3615e+02, 2.3687e+02,  ..., 2.4042e+02,
           2.4016e+02, 2.4029e+02],
          ...,
          [2.5936e+02, 2.5936e+02, 2.5936e+02,  ..., 2.5395e+02,
           2.5395e+02, 2.5423e+02],
          [2.5953e+02, 2.5953e+02, 2.5944e+02,  ..., 2.5404e+02,
           2.5423e+02, 2.5442e+02],
          [2.5953e+02, 2.5936e+02, 2.5936e+02,  ..., 2.5451e+02,
           2.5460e+02, 2.5470e+02]]],


        [[[1.1210e-03, 1.1210e-03, 0.0000e+00,  ..., 1.1210e-03,
           0.0000e+00, 1.1210e-03],
          [0.0000e+00, 1.1210e-03, 1.1210e-03,  ..., 1.1210e-03,
           1.1210e-03, 1.1210e-03],
          [0.0000e+00, 1.1210e-03, 0.0000e+00,  ..., 1.1210e-03,
           0.0000e+00, 2.2420e-03],
          ...,
          [1.1210e-03, 0.0000e+00, 0.0000e+00,  ..., 1.1210e-03,
           0.0000e+00, 1.1210e-03],
          [2.2420e-03, 1.1210e-03, 0.0000e+00,  ..., 0.0000e+00,
           0.0000e+00, 1.1210e-03],
          [1.1210e-03, 0.0000e+00, 1.1210e-03,  ..., 1.1210e-03,
           1.1210e-03, 1.1210e-03]],

         [[2.5434e+02, 2.5606e+02, 2.5606e+02,  ..., 2.6094e+02,
           2.6137e+02, 2.6221e+02],
          [2.5374e+02, 2.5493e+02, 2.5606e+02,  ..., 2.6302e+02,
           2.6341e+02, 2.6302e+02],
          [2.5550e+02, 2.5606e+02, 2.5606e+02,  ..., 2.6528e+02,
           2.6564e+02, 2.6492e+02],
          ...,
          [2.7965e+02, 2.7945e+02, 2.7925e+02,  ..., 2.7042e+02,
           2.7127e+02, 2.7209e+02],
          [2.7925e+02, 2.7945e+02, 2.7965e+02,  ..., 2.7042e+02,
           2.7154e+02, 2.7235e+02],
          [2.7945e+02, 2.7945e+02, 2.7965e+02,  ..., 2.7154e+02,
           2.7209e+02, 2.7288e+02]],

         [[2.4738e+02, 2.4860e+02, 2.4979e+02,  ..., 2.5784e+02,
           2.5952e+02, 2.6067e+02],
          [2.4840e+02, 2.4940e+02, 2.4959e+02,  ..., 2.6211e+02,
           2.6352e+02, 2.6399e+02],
          [2.4920e+02, 2.4940e+02, 2.4959e+02,  ..., 2.6399e+02,
           2.6566e+02, 2.6596e+02],
          ...,
          [2.8108e+02, 2.8108e+02, 2.8108e+02,  ..., 2.7179e+02,
           2.7288e+02, 2.7381e+02],
          [2.8108e+02, 2.8108e+02, 2.8108e+02,  ..., 2.7166e+02,
           2.7247e+02, 2.7420e+02],
          [2.8120e+02, 2.8120e+02, 2.8120e+02,  ..., 2.7301e+02,
           2.7367e+02, 2.7473e+02]],

         ...,

         [[1.1363e-03, 2.2726e-03, 2.2726e-03,  ..., 2.2726e-03,
           2.2726e-03, 1.1363e-03],
          [2.2726e-03, 2.2726e-03, 1.1363e-03,  ..., 2.2726e-03,
           2.2726e-03, 2.2726e-03],
          [2.2726e-03, 1.1363e-03, 1.1363e-03,  ..., 2.2726e-03,
           2.2726e-03, 2.2726e-03],
          ...,
          [2.2726e-03, 2.2726e-03, 2.2726e-03,  ..., 2.2726e-03,
           2.2726e-03, 2.2726e-03],
          [2.2726e-03, 2.2726e-03, 2.2726e-03,  ..., 2.2726e-03,
           2.2726e-03, 2.2726e-03],
          [2.2726e-03, 2.2726e-03, 2.2726e-03,  ..., 2.2726e-03,
           2.2726e-03, 2.2726e-03]],

         [[2.1888e+02, 2.1973e+02, 2.1961e+02,  ..., 2.2268e+02,
           2.2300e+02, 2.2310e+02],
          [2.1888e+02, 2.1912e+02, 2.1924e+02,  ..., 2.2310e+02,
           2.2342e+02, 2.2373e+02],
          [2.1937e+02, 2.1985e+02, 2.1985e+02,  ..., 2.2363e+02,
           2.2414e+02, 2.2424e+02],
          ...,
          [2.3821e+02, 2.3834e+02, 2.3840e+02,  ..., 2.3192e+02,
           2.3192e+02, 2.3200e+02],
          [2.3834e+02, 2.3821e+02, 2.3828e+02,  ..., 2.3216e+02,
           2.3216e+02, 2.3216e+02],
          [2.3859e+02, 2.3853e+02, 2.3840e+02,  ..., 2.3208e+02,
           2.3177e+02, 2.3192e+02]],

         [[2.3167e+02, 2.3248e+02, 2.3328e+02,  ..., 2.3772e+02,
           2.3841e+02, 2.3909e+02],
          [2.3232e+02, 2.3280e+02, 2.3343e+02,  ..., 2.3963e+02,
           2.4029e+02, 2.4081e+02],
          [2.3232e+02, 2.3312e+02, 2.3328e+02,  ..., 2.4029e+02,
           2.4119e+02, 2.4145e+02],
          ...,
          [2.5928e+02, 2.5928e+02, 2.5928e+02,  ..., 2.5385e+02,
           2.5385e+02, 2.5404e+02],
          [2.5953e+02, 2.5944e+02, 2.5936e+02,  ..., 2.5385e+02,
           2.5404e+02, 2.5423e+02],
          [2.5928e+02, 2.5944e+02, 2.5936e+02,  ..., 2.5432e+02,
           2.5442e+02, 2.5451e+02]]],


        [[[1.1210e-03, 0.0000e+00, 1.1210e-03,  ..., 0.0000e+00,
           0.0000e+00, 1.1210e-03],
          [1.1210e-03, 1.1210e-03, 1.1210e-03,  ..., 1.1210e-03,
           0.0000e+00, 1.1210e-03],
          [1.1210e-03, 0.0000e+00, 0.0000e+00,  ..., 0.0000e+00,
           0.0000e+00, 0.0000e+00],
          ...,
          [0.0000e+00, 1.1210e-03, 1.1210e-03,  ..., 0.0000e+00,
           0.0000e+00, 1.1210e-03],
          [0.0000e+00, 1.1210e-03, 0.0000e+00,  ..., 1.1210e-03,
           0.0000e+00, 0.0000e+00],
          [0.0000e+00, 0.0000e+00, 0.0000e+00,  ..., 1.1210e-03,
           0.0000e+00, 0.0000e+00]],

         [[2.5247e+02, 2.5247e+02, 2.5434e+02,  ..., 2.5712e+02,
           2.5911e+02, 2.6049e+02],
          [2.5247e+02, 2.5113e+02, 2.5113e+02,  ..., 2.6262e+02,
           2.6341e+02, 2.6341e+02],
          [2.5312e+02, 2.5181e+02, 2.5181e+02,  ..., 2.6455e+02,
           2.6455e+02, 2.6380e+02],
          ...,
          [2.7925e+02, 2.7925e+02, 2.7925e+02,  ..., 2.7070e+02,
           2.7127e+02, 2.7235e+02],
          [2.7965e+02, 2.7945e+02, 2.7965e+02,  ..., 2.7013e+02,
           2.7127e+02, 2.7235e+02],
          [2.7945e+02, 2.7925e+02, 2.7905e+02,  ..., 2.7127e+02,
           2.7154e+02, 2.7262e+02]],

         [[2.4613e+02, 2.4613e+02, 2.4696e+02,  ..., 2.5522e+02,
           2.5767e+02, 2.5835e+02],
          [2.4441e+02, 2.4397e+02, 2.4397e+02,  ..., 2.6227e+02,
           2.6368e+02, 2.6352e+02],
          [2.4485e+02, 2.4419e+02, 2.4441e+02,  ..., 2.6460e+02,
           2.6445e+02, 2.6429e+02],
          ...,
          [2.8108e+02, 2.8108e+02, 2.8108e+02,  ..., 2.7166e+02,
           2.7261e+02, 2.7381e+02],
          [2.8120e+02, 2.8120e+02, 2.8108e+02,  ..., 2.7166e+02,
           2.7288e+02, 2.7420e+02],
          [2.8120e+02, 2.8120e+02, 2.8132e+02,  ..., 2.7274e+02,
           2.7354e+02, 2.7460e+02]],

         ...,

         [[2.2726e-03, 1.1363e-03, 1.1363e-03,  ..., 1.1363e-03,
           1.1363e-03, 1.1363e-03],
          [1.1363e-03, 1.1363e-03, 1.1363e-03,  ..., 1.1363e-03,
           1.1363e-03, 1.1363e-03],
          [1.1363e-03, 1.1363e-03, 1.1363e-03,  ..., 1.1363e-03,
           1.1363e-03, 2.2726e-03],
          ...,
          [1.1363e-03, 1.1363e-03, 1.1363e-03,  ..., 1.1363e-03,
           1.1363e-03, 1.1363e-03],
          [1.1363e-03, 1.1363e-03, 1.1363e-03,  ..., 1.1363e-03,
           1.1363e-03, 1.1363e-03],
          [1.1363e-03, 1.1363e-03, 1.1363e-03,  ..., 1.1363e-03,
           1.1363e-03, 1.1363e-03]],

         [[2.1838e+02, 2.1850e+02, 2.1961e+02,  ..., 2.2352e+02,
           2.2394e+02, 2.2404e+02],
          [2.1888e+02, 2.1900e+02, 2.1875e+02,  ..., 2.2404e+02,
           2.2424e+02, 2.2494e+02],
          [2.1863e+02, 2.1825e+02, 2.1888e+02,  ..., 2.2454e+02,
           2.2464e+02, 2.2434e+02],
          ...,
          [2.3834e+02, 2.3840e+02, 2.3846e+02,  ..., 2.3185e+02,
           2.3192e+02, 2.3192e+02],
          [2.3853e+02, 2.3840e+02, 2.3821e+02,  ..., 2.3200e+02,
           2.3177e+02, 2.3138e+02],
          [2.3821e+02, 2.3834e+02, 2.3840e+02,  ..., 2.3185e+02,
           2.3146e+02, 2.3153e+02]],

         [[2.3033e+02, 2.3050e+02, 2.3067e+02,  ..., 2.3716e+02,
           2.3855e+02, 2.3963e+02],
          [2.2981e+02, 2.2998e+02, 2.2929e+02,  ..., 2.4042e+02,
           2.4119e+02, 2.4170e+02],
          [2.3033e+02, 2.3016e+02, 2.3016e+02,  ..., 2.4119e+02,
           2.4145e+02, 2.4107e+02],
          ...,
          [2.5894e+02, 2.5902e+02, 2.5928e+02,  ..., 2.5366e+02,
           2.5376e+02, 2.5385e+02],
          [2.5928e+02, 2.5944e+02, 2.5928e+02,  ..., 2.5385e+02,
           2.5376e+02, 2.5414e+02],
          [2.5936e+02, 2.5936e+02, 2.5919e+02,  ..., 2.5414e+02,
           2.5451e+02, 2.5432e+02]]]], dtype=torch.float64)
Second item: tensor([[[[1.1210e-03, 0.0000e+00, 0.0000e+00,  ..., 1.1210e-03,
           1.1210e-03, 0.0000e+00],
          [2.2420e-03, 0.0000e+00, 0.0000e+00,  ..., 1.1210e-03,
           1.1210e-03, 1.1210e-03],
          [1.1210e-03, 1.1210e-03, 2.2420e-03,  ..., 1.1210e-03,
           2.2420e-03, 1.1210e-03],
          ...,
          [1.1210e-03, 1.1210e-03, 1.1210e-03,  ..., 2.2420e-03,
           1.1210e-03, 2.2420e-03],
          [1.1210e-03, 1.1210e-03, 2.2420e-03,  ..., 1.1210e-03,
           2.2420e-03, 1.1210e-03],
          [1.1210e-03, 1.1210e-03, 2.2420e-03,  ..., 3.3630e-03,
           1.1210e-03, 1.1210e-03]],

         [[2.5660e+02, 2.5660e+02, 2.5814e+02,  ..., 2.6262e+02,
           2.6341e+02, 2.6418e+02],
          [2.5814e+02, 2.5863e+02, 2.5863e+02,  ..., 2.6564e+02,
           2.6492e+02, 2.6492e+02],
          [2.5863e+02, 2.5863e+02, 2.5863e+02,  ..., 2.6564e+02,
           2.6418e+02, 2.6380e+02],
          ...,
          [2.7945e+02, 2.7945e+02, 2.7945e+02,  ..., 2.7070e+02,
           2.7182e+02, 2.7209e+02],
          [2.7945e+02, 2.7945e+02, 2.7965e+02,  ..., 2.7042e+02,
           2.7154e+02, 2.7262e+02],
          [2.7984e+02, 2.7945e+02, 2.7945e+02,  ..., 2.7154e+02,
           2.7262e+02, 2.7339e+02]],

         [[2.5172e+02, 2.5267e+02, 2.5341e+02,  ..., 2.6179e+02,
           2.6274e+02, 2.6399e+02],
          [2.5322e+02, 2.5504e+02, 2.5522e+02,  ..., 2.6490e+02,
           2.6445e+02, 2.6475e+02],
          [2.5450e+02, 2.5558e+02, 2.5575e+02,  ..., 2.6368e+02,
           2.6290e+02, 2.6259e+02],
          ...,
          [2.8120e+02, 2.8120e+02, 2.8120e+02,  ..., 2.7179e+02,
           2.7301e+02, 2.7407e+02],
          [2.8120e+02, 2.8108e+02, 2.8108e+02,  ..., 2.7193e+02,
           2.7274e+02, 2.7433e+02],
          [2.8132e+02, 2.8132e+02, 2.8132e+02,  ..., 2.7341e+02,
           2.7407e+02, 2.7460e+02]],

         ...,

         [[3.4089e-03, 2.2726e-03, 2.2726e-03,  ..., 3.4089e-03,
           3.4089e-03, 2.2726e-03],
          [3.4089e-03, 2.2726e-03, 2.2726e-03,  ..., 3.4089e-03,
           3.4089e-03, 2.2726e-03],
          [2.2726e-03, 3.4089e-03, 3.4089e-03,  ..., 3.4089e-03,
           3.4089e-03, 3.4089e-03],
          ...,
          [2.2726e-03, 3.4089e-03, 3.4089e-03,  ..., 3.4089e-03,
           3.4089e-03, 3.4089e-03],
          [2.2726e-03, 3.4089e-03, 2.2726e-03,  ..., 3.4089e-03,
           2.2726e-03, 3.4089e-03],
          [3.4089e-03, 2.2726e-03, 2.2726e-03,  ..., 3.4089e-03,
           3.4089e-03, 3.4089e-03]],

         [[2.1961e+02, 2.1997e+02, 2.2079e+02,  ..., 2.2289e+02,
           2.2289e+02, 2.2321e+02],
          [2.2020e+02, 2.2124e+02, 2.2090e+02,  ..., 2.2373e+02,
           2.2404e+02, 2.2434e+02],
          [2.2055e+02, 2.2079e+02, 2.2136e+02,  ..., 2.2352e+02,
           2.2383e+02, 2.2352e+02],
          ...,
          [2.3828e+02, 2.3834e+02, 2.3828e+02,  ..., 2.3223e+02,
           2.3223e+02, 2.3216e+02],
          [2.3821e+02, 2.3840e+02, 2.3853e+02,  ..., 2.3239e+02,
           2.3231e+02, 2.3192e+02],
          [2.3865e+02, 2.3859e+02, 2.3853e+02,  ..., 2.3239e+02,
           2.3239e+02, 2.3246e+02]],

         [[2.3421e+02, 2.3512e+02, 2.3571e+02,  ..., 2.3963e+02,
           2.4029e+02, 2.4081e+02],
          [2.3512e+02, 2.3644e+02, 2.3730e+02,  ..., 2.4107e+02,
           2.4132e+02, 2.4107e+02],
          [2.3571e+02, 2.3615e+02, 2.3687e+02,  ..., 2.4042e+02,
           2.4016e+02, 2.4029e+02],
          ...,
          [2.5936e+02, 2.5936e+02, 2.5936e+02,  ..., 2.5395e+02,
           2.5395e+02, 2.5423e+02],
          [2.5953e+02, 2.5953e+02, 2.5944e+02,  ..., 2.5404e+02,
           2.5423e+02, 2.5442e+02],
          [2.5953e+02, 2.5936e+02, 2.5936e+02,  ..., 2.5451e+02,
           2.5460e+02, 2.5470e+02]]],


        [[[1.1210e-03, 1.1210e-03, 0.0000e+00,  ..., 1.1210e-03,
           0.0000e+00, 1.1210e-03],
          [0.0000e+00, 1.1210e-03, 1.1210e-03,  ..., 1.1210e-03,
           1.1210e-03, 1.1210e-03],
          [0.0000e+00, 1.1210e-03, 0.0000e+00,  ..., 1.1210e-03,
           0.0000e+00, 2.2420e-03],
          ...,
          [1.1210e-03, 0.0000e+00, 0.0000e+00,  ..., 1.1210e-03,
           0.0000e+00, 1.1210e-03],
          [2.2420e-03, 1.1210e-03, 0.0000e+00,  ..., 0.0000e+00,
           0.0000e+00, 1.1210e-03],
          [1.1210e-03, 0.0000e+00, 1.1210e-03,  ..., 1.1210e-03,
           1.1210e-03, 1.1210e-03]],

         [[2.5434e+02, 2.5606e+02, 2.5606e+02,  ..., 2.6094e+02,
           2.6137e+02, 2.6221e+02],
          [2.5374e+02, 2.5493e+02, 2.5606e+02,  ..., 2.6302e+02,
           2.6341e+02, 2.6302e+02],
          [2.5550e+02, 2.5606e+02, 2.5606e+02,  ..., 2.6528e+02,
           2.6564e+02, 2.6492e+02],
          ...,
          [2.7965e+02, 2.7945e+02, 2.7925e+02,  ..., 2.7042e+02,
           2.7127e+02, 2.7209e+02],
          [2.7925e+02, 2.7945e+02, 2.7965e+02,  ..., 2.7042e+02,
           2.7154e+02, 2.7235e+02],
          [2.7945e+02, 2.7945e+02, 2.7965e+02,  ..., 2.7154e+02,
           2.7209e+02, 2.7288e+02]],

         [[2.4738e+02, 2.4860e+02, 2.4979e+02,  ..., 2.5784e+02,
           2.5952e+02, 2.6067e+02],
          [2.4840e+02, 2.4940e+02, 2.4959e+02,  ..., 2.6211e+02,
           2.6352e+02, 2.6399e+02],
          [2.4920e+02, 2.4940e+02, 2.4959e+02,  ..., 2.6399e+02,
           2.6566e+02, 2.6596e+02],
          ...,
          [2.8108e+02, 2.8108e+02, 2.8108e+02,  ..., 2.7179e+02,
           2.7288e+02, 2.7381e+02],
          [2.8108e+02, 2.8108e+02, 2.8108e+02,  ..., 2.7166e+02,
           2.7247e+02, 2.7420e+02],
          [2.8120e+02, 2.8120e+02, 2.8120e+02,  ..., 2.7301e+02,
           2.7367e+02, 2.7473e+02]],

         ...,

         [[1.1363e-03, 2.2726e-03, 2.2726e-03,  ..., 2.2726e-03,
           2.2726e-03, 1.1363e-03],
          [2.2726e-03, 2.2726e-03, 1.1363e-03,  ..., 2.2726e-03,
           2.2726e-03, 2.2726e-03],
          [2.2726e-03, 1.1363e-03, 1.1363e-03,  ..., 2.2726e-03,
           2.2726e-03, 2.2726e-03],
          ...,
          [2.2726e-03, 2.2726e-03, 2.2726e-03,  ..., 2.2726e-03,
           2.2726e-03, 2.2726e-03],
          [2.2726e-03, 2.2726e-03, 2.2726e-03,  ..., 2.2726e-03,
           2.2726e-03, 2.2726e-03],
          [2.2726e-03, 2.2726e-03, 2.2726e-03,  ..., 2.2726e-03,
           2.2726e-03, 2.2726e-03]],

         [[2.1888e+02, 2.1973e+02, 2.1961e+02,  ..., 2.2268e+02,
           2.2300e+02, 2.2310e+02],
          [2.1888e+02, 2.1912e+02, 2.1924e+02,  ..., 2.2310e+02,
           2.2342e+02, 2.2373e+02],
          [2.1937e+02, 2.1985e+02, 2.1985e+02,  ..., 2.2363e+02,
           2.2414e+02, 2.2424e+02],
          ...,
          [2.3821e+02, 2.3834e+02, 2.3840e+02,  ..., 2.3192e+02,
           2.3192e+02, 2.3200e+02],
          [2.3834e+02, 2.3821e+02, 2.3828e+02,  ..., 2.3216e+02,
           2.3216e+02, 2.3216e+02],
          [2.3859e+02, 2.3853e+02, 2.3840e+02,  ..., 2.3208e+02,
           2.3177e+02, 2.3192e+02]],

         [[2.3167e+02, 2.3248e+02, 2.3328e+02,  ..., 2.3772e+02,
           2.3841e+02, 2.3909e+02],
          [2.3232e+02, 2.3280e+02, 2.3343e+02,  ..., 2.3963e+02,
           2.4029e+02, 2.4081e+02],
          [2.3232e+02, 2.3312e+02, 2.3328e+02,  ..., 2.4029e+02,
           2.4119e+02, 2.4145e+02],
          ...,
          [2.5928e+02, 2.5928e+02, 2.5928e+02,  ..., 2.5385e+02,
           2.5385e+02, 2.5404e+02],
          [2.5953e+02, 2.5944e+02, 2.5936e+02,  ..., 2.5385e+02,
           2.5404e+02, 2.5423e+02],
          [2.5928e+02, 2.5944e+02, 2.5936e+02,  ..., 2.5432e+02,
           2.5442e+02, 2.5451e+02]]],


        [[[1.1210e-03, 0.0000e+00, 1.1210e-03,  ..., 0.0000e+00,
           0.0000e+00, 1.1210e-03],
          [1.1210e-03, 1.1210e-03, 1.1210e-03,  ..., 1.1210e-03,
           0.0000e+00, 1.1210e-03],
          [1.1210e-03, 0.0000e+00, 0.0000e+00,  ..., 0.0000e+00,
           0.0000e+00, 0.0000e+00],
          ...,
          [0.0000e+00, 1.1210e-03, 1.1210e-03,  ..., 0.0000e+00,
           0.0000e+00, 1.1210e-03],
          [0.0000e+00, 1.1210e-03, 0.0000e+00,  ..., 1.1210e-03,
           0.0000e+00, 0.0000e+00],
          [0.0000e+00, 0.0000e+00, 0.0000e+00,  ..., 1.1210e-03,
           0.0000e+00, 0.0000e+00]],

         [[2.5247e+02, 2.5247e+02, 2.5434e+02,  ..., 2.5712e+02,
           2.5911e+02, 2.6049e+02],
          [2.5247e+02, 2.5113e+02, 2.5113e+02,  ..., 2.6262e+02,
           2.6341e+02, 2.6341e+02],
          [2.5312e+02, 2.5181e+02, 2.5181e+02,  ..., 2.6455e+02,
           2.6455e+02, 2.6380e+02],
          ...,
          [2.7925e+02, 2.7925e+02, 2.7925e+02,  ..., 2.7070e+02,
           2.7127e+02, 2.7235e+02],
          [2.7965e+02, 2.7945e+02, 2.7965e+02,  ..., 2.7013e+02,
           2.7127e+02, 2.7235e+02],
          [2.7945e+02, 2.7925e+02, 2.7905e+02,  ..., 2.7127e+02,
           2.7154e+02, 2.7262e+02]],

         [[2.4613e+02, 2.4613e+02, 2.4696e+02,  ..., 2.5522e+02,
           2.5767e+02, 2.5835e+02],
          [2.4441e+02, 2.4397e+02, 2.4397e+02,  ..., 2.6227e+02,
           2.6368e+02, 2.6352e+02],
          [2.4485e+02, 2.4419e+02, 2.4441e+02,  ..., 2.6460e+02,
           2.6445e+02, 2.6429e+02],
          ...,
          [2.8108e+02, 2.8108e+02, 2.8108e+02,  ..., 2.7166e+02,
           2.7261e+02, 2.7381e+02],
          [2.8120e+02, 2.8120e+02, 2.8108e+02,  ..., 2.7166e+02,
           2.7288e+02, 2.7420e+02],
          [2.8120e+02, 2.8120e+02, 2.8132e+02,  ..., 2.7274e+02,
           2.7354e+02, 2.7460e+02]],

         ...,

         [[2.2726e-03, 1.1363e-03, 1.1363e-03,  ..., 1.1363e-03,
           1.1363e-03, 1.1363e-03],
          [1.1363e-03, 1.1363e-03, 1.1363e-03,  ..., 1.1363e-03,
           1.1363e-03, 1.1363e-03],
          [1.1363e-03, 1.1363e-03, 1.1363e-03,  ..., 1.1363e-03,
           1.1363e-03, 2.2726e-03],
          ...,
          [1.1363e-03, 1.1363e-03, 1.1363e-03,  ..., 1.1363e-03,
           1.1363e-03, 1.1363e-03],
          [1.1363e-03, 1.1363e-03, 1.1363e-03,  ..., 1.1363e-03,
           1.1363e-03, 1.1363e-03],
          [1.1363e-03, 1.1363e-03, 1.1363e-03,  ..., 1.1363e-03,
           1.1363e-03, 1.1363e-03]],

         [[2.1838e+02, 2.1850e+02, 2.1961e+02,  ..., 2.2352e+02,
           2.2394e+02, 2.2404e+02],
          [2.1888e+02, 2.1900e+02, 2.1875e+02,  ..., 2.2404e+02,
           2.2424e+02, 2.2494e+02],
          [2.1863e+02, 2.1825e+02, 2.1888e+02,  ..., 2.2454e+02,
           2.2464e+02, 2.2434e+02],
          ...,
          [2.3834e+02, 2.3840e+02, 2.3846e+02,  ..., 2.3185e+02,
           2.3192e+02, 2.3192e+02],
          [2.3853e+02, 2.3840e+02, 2.3821e+02,  ..., 2.3200e+02,
           2.3177e+02, 2.3138e+02],
          [2.3821e+02, 2.3834e+02, 2.3840e+02,  ..., 2.3185e+02,
           2.3146e+02, 2.3153e+02]],

         [[2.3033e+02, 2.3050e+02, 2.3067e+02,  ..., 2.3716e+02,
           2.3855e+02, 2.3963e+02],
          [2.2981e+02, 2.2998e+02, 2.2929e+02,  ..., 2.4042e+02,
           2.4119e+02, 2.4170e+02],
          [2.3033e+02, 2.3016e+02, 2.3016e+02,  ..., 2.4119e+02,
           2.4145e+02, 2.4107e+02],
          ...,
          [2.5894e+02, 2.5902e+02, 2.5928e+02,  ..., 2.5366e+02,
           2.5376e+02, 2.5385e+02],
          [2.5928e+02, 2.5944e+02, 2.5928e+02,  ..., 2.5385e+02,
           2.5376e+02, 2.5414e+02],
          [2.5936e+02, 2.5936e+02, 2.5919e+02,  ..., 2.5414e+02,
           2.5451e+02, 2.5432e+02]]],


        [[[1.1210e-03, 0.0000e+00, 1.1210e-03,  ..., 0.0000e+00,
           0.0000e+00, 0.0000e+00],
          [0.0000e+00, 0.0000e+00, 0.0000e+00,  ..., 1.1210e-03,
           0.0000e+00, 0.0000e+00],
          [1.1210e-03, 0.0000e+00, 0.0000e+00,  ..., 0.0000e+00,
           1.1210e-03, 0.0000e+00],
          ...,
          [0.0000e+00, 0.0000e+00, 0.0000e+00,  ..., 1.1210e-03,
           0.0000e+00, 1.1210e-03],
          [0.0000e+00, 0.0000e+00, 1.1210e-03,  ..., 1.1210e-03,
           0.0000e+00, 0.0000e+00],
          [0.0000e+00, 0.0000e+00, 0.0000e+00,  ..., 0.0000e+00,
           0.0000e+00, 1.1210e-03]],

         [[2.5247e+02, 2.5113e+02, 2.5181e+02,  ..., 2.6004e+02,
           2.6004e+02, 2.5958e+02],
          [2.5247e+02, 2.5181e+02, 2.5312e+02,  ..., 2.6179e+02,
           2.6262e+02, 2.6262e+02],
          [2.5247e+02, 2.5312e+02, 2.5493e+02,  ..., 2.6302e+02,
           2.6380e+02, 2.6380e+02],
          ...,
          [2.7945e+02, 2.7945e+02, 2.7945e+02,  ..., 2.7042e+02,
           2.7127e+02, 2.7235e+02],
          [2.7945e+02, 2.7945e+02, 2.7965e+02,  ..., 2.7070e+02,
           2.7127e+02, 2.7262e+02],
          [2.7965e+02, 2.7945e+02, 2.7965e+02,  ..., 2.7127e+02,
           2.7209e+02, 2.7262e+02]],

         [[2.4591e+02, 2.4397e+02, 2.4463e+02,  ..., 2.5902e+02,
           2.5902e+02, 2.5985e+02],
          [2.4397e+02, 2.4397e+02, 2.4441e+02,  ..., 2.5968e+02,
           2.6147e+02, 2.6290e+02],
          [2.4485e+02, 2.4591e+02, 2.4613e+02,  ..., 2.6083e+02,
           2.6368e+02, 2.6521e+02],
          ...,
          [2.8120e+02, 2.8108e+02, 2.8108e+02,  ..., 2.7166e+02,
           2.7274e+02, 2.7381e+02],
          [2.8132e+02, 2.8108e+02, 2.8108e+02,  ..., 2.7166e+02,
           2.7247e+02, 2.7407e+02],
          [2.8132e+02, 2.8120e+02, 2.8108e+02,  ..., 2.7288e+02,
           2.7354e+02, 2.7420e+02]],

         ...,

         [[0.0000e+00, 1.1363e-03, 0.0000e+00,  ..., 1.1363e-03,
           1.1363e-03, 1.1363e-03],
          [0.0000e+00, 1.1363e-03, 0.0000e+00,  ..., 0.0000e+00,
           0.0000e+00, 0.0000e+00],
          [1.1363e-03, 1.1363e-03, 0.0000e+00,  ..., 0.0000e+00,
           0.0000e+00, 0.0000e+00],
          ...,
          [1.1363e-03, 1.1363e-03, 0.0000e+00,  ..., 1.1363e-03,
           0.0000e+00, 0.0000e+00],
          [1.1363e-03, 1.1363e-03, 1.1363e-03,  ..., 1.1363e-03,
           1.1363e-03, 1.1363e-03],
          [1.1363e-03, 0.0000e+00, 1.1363e-03,  ..., 1.1363e-03,
           1.1363e-03, 0.0000e+00]],

         [[2.1875e+02, 2.1850e+02, 2.1900e+02,  ..., 2.2321e+02,
           2.2321e+02, 2.2373e+02],
          [2.1863e+02, 2.1812e+02, 2.1875e+02,  ..., 2.2310e+02,
           2.2363e+02, 2.2383e+02],
          [2.1850e+02, 2.1825e+02, 2.1875e+02,  ..., 2.2278e+02,
           2.2310e+02, 2.2383e+02],
          ...,
          [2.3840e+02, 2.3809e+02, 2.3809e+02,  ..., 2.3200e+02,
           2.3200e+02, 2.3169e+02],
          [2.3834e+02, 2.3859e+02, 2.3859e+02,  ..., 2.3153e+02,
           2.3169e+02, 2.3161e+02],
          [2.3840e+02, 2.3834e+02, 2.3834e+02,  ..., 2.3200e+02,
           2.3169e+02, 2.3130e+02]],

         [[2.3033e+02, 2.2964e+02, 2.2964e+02,  ..., 2.3855e+02,
           2.3909e+02, 2.3936e+02],
          [2.2964e+02, 2.2946e+02, 2.2998e+02,  ..., 2.3855e+02,
           2.3950e+02, 2.4081e+02],
          [2.3033e+02, 2.3033e+02, 2.3117e+02,  ..., 2.3882e+02,
           2.4003e+02, 2.4158e+02],
          ...,
          [2.5911e+02, 2.5928e+02, 2.5919e+02,  ..., 2.5376e+02,
           2.5376e+02, 2.5376e+02],
          [2.5936e+02, 2.5928e+02, 2.5928e+02,  ..., 2.5395e+02,
           2.5385e+02, 2.5404e+02],
          [2.5944e+02, 2.5928e+02, 2.5919e+02,  ..., 2.5423e+02,
           2.5414e+02, 2.5423e+02]]]], dtype=torch.float64)
Third item: tensor([[[[1.1210e-03, 1.1210e-03, 0.0000e+00,  ..., 1.1210e-03,
           0.0000e+00, 1.1210e-03],
          [0.0000e+00, 1.1210e-03, 1.1210e-03,  ..., 1.1210e-03,
           1.1210e-03, 1.1210e-03],
          [0.0000e+00, 1.1210e-03, 0.0000e+00,  ..., 1.1210e-03,
           0.0000e+00, 2.2420e-03],
          ...,
          [1.1210e-03, 0.0000e+00, 0.0000e+00,  ..., 1.1210e-03,
           0.0000e+00, 1.1210e-03],
          [2.2420e-03, 1.1210e-03, 0.0000e+00,  ..., 0.0000e+00,
           0.0000e+00, 1.1210e-03],
          [1.1210e-03, 0.0000e+00, 1.1210e-03,  ..., 1.1210e-03,
           1.1210e-03, 1.1210e-03]],

         [[2.5434e+02, 2.5606e+02, 2.5606e+02,  ..., 2.6094e+02,
           2.6137e+02, 2.6221e+02],
          [2.5374e+02, 2.5493e+02, 2.5606e+02,  ..., 2.6302e+02,
           2.6341e+02, 2.6302e+02],
          [2.5550e+02, 2.5606e+02, 2.5606e+02,  ..., 2.6528e+02,
           2.6564e+02, 2.6492e+02],
          ...,
          [2.7965e+02, 2.7945e+02, 2.7925e+02,  ..., 2.7042e+02,
           2.7127e+02, 2.7209e+02],
          [2.7925e+02, 2.7945e+02, 2.7965e+02,  ..., 2.7042e+02,
           2.7154e+02, 2.7235e+02],
          [2.7945e+02, 2.7945e+02, 2.7965e+02,  ..., 2.7154e+02,
           2.7209e+02, 2.7288e+02]],

         [[2.4738e+02, 2.4860e+02, 2.4979e+02,  ..., 2.5784e+02,
           2.5952e+02, 2.6067e+02],
          [2.4840e+02, 2.4940e+02, 2.4959e+02,  ..., 2.6211e+02,
           2.6352e+02, 2.6399e+02],
          [2.4920e+02, 2.4940e+02, 2.4959e+02,  ..., 2.6399e+02,
           2.6566e+02, 2.6596e+02],
          ...,
          [2.8108e+02, 2.8108e+02, 2.8108e+02,  ..., 2.7179e+02,
           2.7288e+02, 2.7381e+02],
          [2.8108e+02, 2.8108e+02, 2.8108e+02,  ..., 2.7166e+02,
           2.7247e+02, 2.7420e+02],
          [2.8120e+02, 2.8120e+02, 2.8120e+02,  ..., 2.7301e+02,
           2.7367e+02, 2.7473e+02]],

         ...,

         [[1.1363e-03, 2.2726e-03, 2.2726e-03,  ..., 2.2726e-03,
           2.2726e-03, 1.1363e-03],
          [2.2726e-03, 2.2726e-03, 1.1363e-03,  ..., 2.2726e-03,
           2.2726e-03, 2.2726e-03],
          [2.2726e-03, 1.1363e-03, 1.1363e-03,  ..., 2.2726e-03,
           2.2726e-03, 2.2726e-03],
          ...,
          [2.2726e-03, 2.2726e-03, 2.2726e-03,  ..., 2.2726e-03,
           2.2726e-03, 2.2726e-03],
          [2.2726e-03, 2.2726e-03, 2.2726e-03,  ..., 2.2726e-03,
           2.2726e-03, 2.2726e-03],
          [2.2726e-03, 2.2726e-03, 2.2726e-03,  ..., 2.2726e-03,
           2.2726e-03, 2.2726e-03]],

         [[2.1888e+02, 2.1973e+02, 2.1961e+02,  ..., 2.2268e+02,
           2.2300e+02, 2.2310e+02],
          [2.1888e+02, 2.1912e+02, 2.1924e+02,  ..., 2.2310e+02,
           2.2342e+02, 2.2373e+02],
          [2.1937e+02, 2.1985e+02, 2.1985e+02,  ..., 2.2363e+02,
           2.2414e+02, 2.2424e+02],
          ...,
          [2.3821e+02, 2.3834e+02, 2.3840e+02,  ..., 2.3192e+02,
           2.3192e+02, 2.3200e+02],
          [2.3834e+02, 2.3821e+02, 2.3828e+02,  ..., 2.3216e+02,
           2.3216e+02, 2.3216e+02],
          [2.3859e+02, 2.3853e+02, 2.3840e+02,  ..., 2.3208e+02,
           2.3177e+02, 2.3192e+02]],

         [[2.3167e+02, 2.3248e+02, 2.3328e+02,  ..., 2.3772e+02,
           2.3841e+02, 2.3909e+02],
          [2.3232e+02, 2.3280e+02, 2.3343e+02,  ..., 2.3963e+02,
           2.4029e+02, 2.4081e+02],
          [2.3232e+02, 2.3312e+02, 2.3328e+02,  ..., 2.4029e+02,
           2.4119e+02, 2.4145e+02],
          ...,
          [2.5928e+02, 2.5928e+02, 2.5928e+02,  ..., 2.5385e+02,
           2.5385e+02, 2.5404e+02],
          [2.5953e+02, 2.5944e+02, 2.5936e+02,  ..., 2.5385e+02,
           2.5404e+02, 2.5423e+02],
          [2.5928e+02, 2.5944e+02, 2.5936e+02,  ..., 2.5432e+02,
           2.5442e+02, 2.5451e+02]]],


        [[[1.1210e-03, 0.0000e+00, 1.1210e-03,  ..., 0.0000e+00,
           0.0000e+00, 1.1210e-03],
          [1.1210e-03, 1.1210e-03, 1.1210e-03,  ..., 1.1210e-03,
           0.0000e+00, 1.1210e-03],
          [1.1210e-03, 0.0000e+00, 0.0000e+00,  ..., 0.0000e+00,
           0.0000e+00, 0.0000e+00],
          ...,
          [0.0000e+00, 1.1210e-03, 1.1210e-03,  ..., 0.0000e+00,
           0.0000e+00, 1.1210e-03],
          [0.0000e+00, 1.1210e-03, 0.0000e+00,  ..., 1.1210e-03,
           0.0000e+00, 0.0000e+00],
          [0.0000e+00, 0.0000e+00, 0.0000e+00,  ..., 1.1210e-03,
           0.0000e+00, 0.0000e+00]],

         [[2.5247e+02, 2.5247e+02, 2.5434e+02,  ..., 2.5712e+02,
           2.5911e+02, 2.6049e+02],
          [2.5247e+02, 2.5113e+02, 2.5113e+02,  ..., 2.6262e+02,
           2.6341e+02, 2.6341e+02],
          [2.5312e+02, 2.5181e+02, 2.5181e+02,  ..., 2.6455e+02,
           2.6455e+02, 2.6380e+02],
          ...,
          [2.7925e+02, 2.7925e+02, 2.7925e+02,  ..., 2.7070e+02,
           2.7127e+02, 2.7235e+02],
          [2.7965e+02, 2.7945e+02, 2.7965e+02,  ..., 2.7013e+02,
           2.7127e+02, 2.7235e+02],
          [2.7945e+02, 2.7925e+02, 2.7905e+02,  ..., 2.7127e+02,
           2.7154e+02, 2.7262e+02]],

         [[2.4613e+02, 2.4613e+02, 2.4696e+02,  ..., 2.5522e+02,
           2.5767e+02, 2.5835e+02],
          [2.4441e+02, 2.4397e+02, 2.4397e+02,  ..., 2.6227e+02,
           2.6368e+02, 2.6352e+02],
          [2.4485e+02, 2.4419e+02, 2.4441e+02,  ..., 2.6460e+02,
           2.6445e+02, 2.6429e+02],
          ...,
          [2.8108e+02, 2.8108e+02, 2.8108e+02,  ..., 2.7166e+02,
           2.7261e+02, 2.7381e+02],
          [2.8120e+02, 2.8120e+02, 2.8108e+02,  ..., 2.7166e+02,
           2.7288e+02, 2.7420e+02],
          [2.8120e+02, 2.8120e+02, 2.8132e+02,  ..., 2.7274e+02,
           2.7354e+02, 2.7460e+02]],

         ...,

         [[2.2726e-03, 1.1363e-03, 1.1363e-03,  ..., 1.1363e-03,
           1.1363e-03, 1.1363e-03],
          [1.1363e-03, 1.1363e-03, 1.1363e-03,  ..., 1.1363e-03,
           1.1363e-03, 1.1363e-03],
          [1.1363e-03, 1.1363e-03, 1.1363e-03,  ..., 1.1363e-03,
           1.1363e-03, 2.2726e-03],
          ...,
          [1.1363e-03, 1.1363e-03, 1.1363e-03,  ..., 1.1363e-03,
           1.1363e-03, 1.1363e-03],
          [1.1363e-03, 1.1363e-03, 1.1363e-03,  ..., 1.1363e-03,
           1.1363e-03, 1.1363e-03],
          [1.1363e-03, 1.1363e-03, 1.1363e-03,  ..., 1.1363e-03,
           1.1363e-03, 1.1363e-03]],

         [[2.1838e+02, 2.1850e+02, 2.1961e+02,  ..., 2.2352e+02,
           2.2394e+02, 2.2404e+02],
          [2.1888e+02, 2.1900e+02, 2.1875e+02,  ..., 2.2404e+02,
           2.2424e+02, 2.2494e+02],
          [2.1863e+02, 2.1825e+02, 2.1888e+02,  ..., 2.2454e+02,
           2.2464e+02, 2.2434e+02],
          ...,
          [2.3834e+02, 2.3840e+02, 2.3846e+02,  ..., 2.3185e+02,
           2.3192e+02, 2.3192e+02],
          [2.3853e+02, 2.3840e+02, 2.3821e+02,  ..., 2.3200e+02,
           2.3177e+02, 2.3138e+02],
          [2.3821e+02, 2.3834e+02, 2.3840e+02,  ..., 2.3185e+02,
           2.3146e+02, 2.3153e+02]],

         [[2.3033e+02, 2.3050e+02, 2.3067e+02,  ..., 2.3716e+02,
           2.3855e+02, 2.3963e+02],
          [2.2981e+02, 2.2998e+02, 2.2929e+02,  ..., 2.4042e+02,
           2.4119e+02, 2.4170e+02],
          [2.3033e+02, 2.3016e+02, 2.3016e+02,  ..., 2.4119e+02,
           2.4145e+02, 2.4107e+02],
          ...,
          [2.5894e+02, 2.5902e+02, 2.5928e+02,  ..., 2.5366e+02,
           2.5376e+02, 2.5385e+02],
          [2.5928e+02, 2.5944e+02, 2.5928e+02,  ..., 2.5385e+02,
           2.5376e+02, 2.5414e+02],
          [2.5936e+02, 2.5936e+02, 2.5919e+02,  ..., 2.5414e+02,
           2.5451e+02, 2.5432e+02]]],


        [[[1.1210e-03, 0.0000e+00, 1.1210e-03,  ..., 0.0000e+00,
           0.0000e+00, 0.0000e+00],
          [0.0000e+00, 0.0000e+00, 0.0000e+00,  ..., 1.1210e-03,
           0.0000e+00, 0.0000e+00],
          [1.1210e-03, 0.0000e+00, 0.0000e+00,  ..., 0.0000e+00,
           1.1210e-03, 0.0000e+00],
          ...,
          [0.0000e+00, 0.0000e+00, 0.0000e+00,  ..., 1.1210e-03,
           0.0000e+00, 1.1210e-03],
          [0.0000e+00, 0.0000e+00, 1.1210e-03,  ..., 1.1210e-03,
           0.0000e+00, 0.0000e+00],
          [0.0000e+00, 0.0000e+00, 0.0000e+00,  ..., 0.0000e+00,
           0.0000e+00, 1.1210e-03]],

         [[2.5247e+02, 2.5113e+02, 2.5181e+02,  ..., 2.6004e+02,
           2.6004e+02, 2.5958e+02],
          [2.5247e+02, 2.5181e+02, 2.5312e+02,  ..., 2.6179e+02,
           2.6262e+02, 2.6262e+02],
          [2.5247e+02, 2.5312e+02, 2.5493e+02,  ..., 2.6302e+02,
           2.6380e+02, 2.6380e+02],
          ...,
          [2.7945e+02, 2.7945e+02, 2.7945e+02,  ..., 2.7042e+02,
           2.7127e+02, 2.7235e+02],
          [2.7945e+02, 2.7945e+02, 2.7965e+02,  ..., 2.7070e+02,
           2.7127e+02, 2.7262e+02],
          [2.7965e+02, 2.7945e+02, 2.7965e+02,  ..., 2.7127e+02,
           2.7209e+02, 2.7262e+02]],

         [[2.4591e+02, 2.4397e+02, 2.4463e+02,  ..., 2.5902e+02,
           2.5902e+02, 2.5985e+02],
          [2.4397e+02, 2.4397e+02, 2.4441e+02,  ..., 2.5968e+02,
           2.6147e+02, 2.6290e+02],
          [2.4485e+02, 2.4591e+02, 2.4613e+02,  ..., 2.6083e+02,
           2.6368e+02, 2.6521e+02],
          ...,
          [2.8120e+02, 2.8108e+02, 2.8108e+02,  ..., 2.7166e+02,
           2.7274e+02, 2.7381e+02],
          [2.8132e+02, 2.8108e+02, 2.8108e+02,  ..., 2.7166e+02,
           2.7247e+02, 2.7407e+02],
          [2.8132e+02, 2.8120e+02, 2.8108e+02,  ..., 2.7288e+02,
           2.7354e+02, 2.7420e+02]],

         ...,

         [[0.0000e+00, 1.1363e-03, 0.0000e+00,  ..., 1.1363e-03,
           1.1363e-03, 1.1363e-03],
          [0.0000e+00, 1.1363e-03, 0.0000e+00,  ..., 0.0000e+00,
           0.0000e+00, 0.0000e+00],
          [1.1363e-03, 1.1363e-03, 0.0000e+00,  ..., 0.0000e+00,
           0.0000e+00, 0.0000e+00],
          ...,
          [1.1363e-03, 1.1363e-03, 0.0000e+00,  ..., 1.1363e-03,
           0.0000e+00, 0.0000e+00],
          [1.1363e-03, 1.1363e-03, 1.1363e-03,  ..., 1.1363e-03,
           1.1363e-03, 1.1363e-03],
          [1.1363e-03, 0.0000e+00, 1.1363e-03,  ..., 1.1363e-03,
           1.1363e-03, 0.0000e+00]],

         [[2.1875e+02, 2.1850e+02, 2.1900e+02,  ..., 2.2321e+02,
           2.2321e+02, 2.2373e+02],
          [2.1863e+02, 2.1812e+02, 2.1875e+02,  ..., 2.2310e+02,
           2.2363e+02, 2.2383e+02],
          [2.1850e+02, 2.1825e+02, 2.1875e+02,  ..., 2.2278e+02,
           2.2310e+02, 2.2383e+02],
          ...,
          [2.3840e+02, 2.3809e+02, 2.3809e+02,  ..., 2.3200e+02,
           2.3200e+02, 2.3169e+02],
          [2.3834e+02, 2.3859e+02, 2.3859e+02,  ..., 2.3153e+02,
           2.3169e+02, 2.3161e+02],
          [2.3840e+02, 2.3834e+02, 2.3834e+02,  ..., 2.3200e+02,
           2.3169e+02, 2.3130e+02]],

         [[2.3033e+02, 2.2964e+02, 2.2964e+02,  ..., 2.3855e+02,
           2.3909e+02, 2.3936e+02],
          [2.2964e+02, 2.2946e+02, 2.2998e+02,  ..., 2.3855e+02,
           2.3950e+02, 2.4081e+02],
          [2.3033e+02, 2.3033e+02, 2.3117e+02,  ..., 2.3882e+02,
           2.4003e+02, 2.4158e+02],
          ...,
          [2.5911e+02, 2.5928e+02, 2.5919e+02,  ..., 2.5376e+02,
           2.5376e+02, 2.5376e+02],
          [2.5936e+02, 2.5928e+02, 2.5928e+02,  ..., 2.5395e+02,
           2.5385e+02, 2.5404e+02],
          [2.5944e+02, 2.5928e+02, 2.5919e+02,  ..., 2.5423e+02,
           2.5414e+02, 2.5423e+02]]],


        [[[1.1210e-03, 0.0000e+00, 0.0000e+00,  ..., 0.0000e+00,
           0.0000e+00, 0.0000e+00],
          [1.1210e-03, 0.0000e+00, 0.0000e+00,  ..., 0.0000e+00,
           1.1210e-03, 0.0000e+00],
          [0.0000e+00, 1.1210e-03, 1.1210e-03,  ..., 0.0000e+00,
           0.0000e+00, 0.0000e+00],
          ...,
          [1.1210e-03, 1.1210e-03, 0.0000e+00,  ..., 0.0000e+00,
           1.1210e-03, 0.0000e+00],
          [0.0000e+00, 0.0000e+00, 0.0000e+00,  ..., 1.1210e-03,
           0.0000e+00, 0.0000e+00],
          [1.1210e-03, 0.0000e+00, 0.0000e+00,  ..., 1.1210e-03,
           0.0000e+00, 0.0000e+00]],

         [[2.4644e+02, 2.5042e+02, 2.5374e+02,  ..., 2.5660e+02,
           2.5863e+02, 2.6094e+02],
          [2.4892e+02, 2.5181e+02, 2.5493e+02,  ..., 2.6049e+02,
           2.6179e+02, 2.6179e+02],
          [2.5374e+02, 2.5550e+02, 2.5606e+02,  ..., 2.6380e+02,
           2.6380e+02, 2.6341e+02],
          ...,
          [2.7945e+02, 2.7925e+02, 2.7925e+02,  ..., 2.7042e+02,
           2.7070e+02, 2.7235e+02],
          [2.7965e+02, 2.7945e+02, 2.7925e+02,  ..., 2.7013e+02,
           2.7042e+02, 2.7235e+02],
          [2.7945e+02, 2.7965e+02, 2.7945e+02,  ..., 2.7099e+02,
           2.7182e+02, 2.7262e+02]],

         [[2.3889e+02, 2.4218e+02, 2.4696e+02,  ..., 2.5153e+02,
           2.5540e+02, 2.5835e+02],
          [2.4241e+02, 2.4528e+02, 2.4900e+02,  ..., 2.5885e+02,
           2.6050e+02, 2.6147e+02],
          [2.4613e+02, 2.4979e+02, 2.5153e+02,  ..., 2.6195e+02,
           2.6290e+02, 2.6306e+02],
          ...,
          [2.8108e+02, 2.8108e+02, 2.8096e+02,  ..., 2.7179e+02,
           2.7288e+02, 2.7367e+02],
          [2.8120e+02, 2.8132e+02, 2.8108e+02,  ..., 2.7179e+02,
           2.7261e+02, 2.7407e+02],
          [2.8120e+02, 2.8120e+02, 2.8132e+02,  ..., 2.7288e+02,
           2.7354e+02, 2.7420e+02]],

         ...,

         [[0.0000e+00, 0.0000e+00, 0.0000e+00,  ..., 0.0000e+00,
           0.0000e+00, 0.0000e+00],
          [0.0000e+00, 0.0000e+00, 0.0000e+00,  ..., 0.0000e+00,
           0.0000e+00, 0.0000e+00],
          [0.0000e+00, 0.0000e+00, 0.0000e+00,  ..., 0.0000e+00,
           0.0000e+00, 0.0000e+00],
          ...,
          [0.0000e+00, 0.0000e+00, 0.0000e+00,  ..., 0.0000e+00,
           0.0000e+00, 0.0000e+00],
          [0.0000e+00, 0.0000e+00, 0.0000e+00,  ..., 0.0000e+00,
           0.0000e+00, 0.0000e+00],
          [0.0000e+00, 0.0000e+00, 0.0000e+00,  ..., 0.0000e+00,
           0.0000e+00, 0.0000e+00]],

         [[2.1924e+02, 2.1949e+02, 2.1961e+02,  ..., 2.2044e+02,
           2.2213e+02, 2.2268e+02],
          [2.2009e+02, 2.2032e+02, 2.2044e+02,  ..., 2.2213e+02,
           2.2300e+02, 2.2383e+02],
          [2.2020e+02, 2.2067e+02, 2.2113e+02,  ..., 2.2246e+02,
           2.2278e+02, 2.2363e+02],
          ...,
          [2.3815e+02, 2.3828e+02, 2.3828e+02,  ..., 2.3138e+02,
           2.3146e+02, 2.3138e+02],
          [2.3859e+02, 2.3853e+02, 2.3840e+02,  ..., 2.3161e+02,
           2.3177e+02, 2.3177e+02],
          [2.3878e+02, 2.3865e+02, 2.3834e+02,  ..., 2.3177e+02,
           2.3138e+02, 2.3177e+02]],

         [[2.2946e+02, 2.3033e+02, 2.3183e+02,  ..., 2.3390e+02,
           2.3659e+02, 2.3855e+02],
          [2.3084e+02, 2.3183e+02, 2.3328e+02,  ..., 2.3814e+02,
           2.3963e+02, 2.4016e+02],
          [2.3150e+02, 2.3312e+02, 2.3436e+02,  ..., 2.3841e+02,
           2.3963e+02, 2.4029e+02],
          ...,
          [2.5902e+02, 2.5928e+02, 2.5928e+02,  ..., 2.5376e+02,
           2.5357e+02, 2.5385e+02],
          [2.5919e+02, 2.5936e+02, 2.5919e+02,  ..., 2.5376e+02,
           2.5385e+02, 2.5404e+02],
          [2.5919e+02, 2.5919e+02, 2.5928e+02,  ..., 2.5404e+02,
           2.5414e+02, 2.5432e+02]]]], dtype=torch.float64)
