w4c24/Read.me
w4c24/2020/OPERA-CONTEXT/roxi_0004.val20.rates.crop.h5
w4c24/2020/OPERA-CONTEXT/boxi_0015.train20.rates.crop.h5
w4c24/2020/OPERA-CONTEXT/roxi_0004.train20.rates.crop.h5
w4c24/2020/OPERA-CONTEXT/roxi_0006.train20.rates.crop.h5
w4c24/2020/OPERA-CONTEXT/roxi_0005.train20.rates.crop.h5
w4c24/2020/OPERA-CONTEXT/roxi_0005.val20.rates.crop.h5
w4c24/2020/OPERA-CONTEXT/boxi_0015.val20.rates.crop.h5
w4c24/2020/OPERA-CONTEXT/roxi_0006.val20.rates.crop.h5
w4c24/2020/OPERA-CONTEXT/boxi_0076.val20.rates.crop.h5
w4c24/2020/OPERA-CONTEXT/roxi_0007.train20.rates.crop.h5
w4c24/2020/OPERA-CONTEXT/roxi_0007.val20.rates.crop.h5
w4c24/2020/OPERA-CONTEXT/boxi_0076.train20.rates.crop.h5
w4c24/2020/OPERA/boxi_0015.val.rates.crop.h5
w4c24/2020/OPERA/boxi_0034.val.rates.crop.h5
w4c24/2020/OPERA/roxi_0006.train.rates.crop.h5
w4c24/2020/OPERA/boxi_0034.train.rates.crop.h5
w4c24/2020/OPERA/roxi_0005.train.rates.crop.h5
w4c24/2020/OPERA/boxi_0076.train.rates.crop.h5
w4c24/2020/OPERA/boxi_0076.val.rates.crop.h5
w4c24/2020/OPERA/roxi_0005.val.rates.crop.h5
w4c24/2020/OPERA/roxi_0007.val.rates.crop.h5
w4c24/2020/OPERA/roxi_0004.train.rates.crop.h5
w4c24/2020/OPERA/roxi_0006.val.rates.crop.h5
w4c24/2020/OPERA/boxi_0015.train.rates.crop.h5
w4c24/2020/OPERA/roxi_0004.val.rates.crop.h5
w4c24/2020/OPERA/roxi_0007.train.rates.crop.h5
w4c24/2020/HRIT/roxi_0005.train.reflbt0.ns.h5
w4c24/2020/HRIT/roxi_0005.val.reflbt0.ns.h5
w4c24/2020/HRIT/roxi_0007.val.reflbt0.ns.h5
w4c24/2020/HRIT/boxi_0034.train.reflbt0.ns.h5
w4c24/2020/HRIT/roxi_0008.cum1test20.reflbt0.ns.h5
w4c24/2020/HRIT/boxi_0015.val.reflbt0.ns.h5
w4c24/2020/HRIT/roxi_0010.cum1test20.reflbt0.ns.h5
w4c24/2020/HRIT/roxi_0010.ev1test20.reflbt0.ns.h5
w4c24/2020/HRIT/boxi_0076.val.reflbt0.ns.h5
w4c24/2020/HRIT/roxi_0009.ev1test20.reflbt0.ns.h5
w4c24/2020/HRIT/boxi_0076.train.reflbt0.ns.h5
w4c24/2020/HRIT/boxi_0015.train.reflbt0.ns.h5
w4c24/2020/HRIT/roxi_0004.train.reflbt0.ns.h5
w4c24/2020/HRIT/roxi_0007.train.reflbt0.ns.h5
w4c24/2020/HRIT/roxi_0006.train.reflbt0.ns.h5
w4c24/2020/HRIT/roxi_0009.cum1test20.reflbt0.ns.h5
w4c24/2020/HRIT/roxi_0004.val.reflbt0.ns.h5
w4c24/2020/HRIT/boxi_0034.val.reflbt0.ns.h5
w4c24/2020/HRIT/roxi_0006.val.reflbt0.ns.h5
w4c24/2020/HRIT/roxi_0008.ev1test20.reflbt0.ns.h5
w4c24/static/boxi_0076.OPERA.static.lat-long.h5
w4c24/static/boxi_0076.OPERA-CONTEXT.static.lat-long.h5
w4c24/static/roxi_0006.OPERA-CONTEXT.static.lat-long.h5
w4c24/static/roxi_0006.OPERA.static.lat-long.h5
w4c24/static/roxi_0004.HRIT.static.lat-long.h5
w4c24/static/roxi_0005.OPERA.static.lat-long.h5
w4c24/static/roxi_0006.HRIT.static.lat-long.h5
w4c24/static/roxi_0005.OPERA.static.topo.h5
w4c24/static/boxi_0015.HRIT.static.lat-long.h5
w4c24/static/roxi_0005.HRIT.static.lat-long.h5
w4c24/static/boxi_0034.OPERA.static.topo.h5
w4c24/static/roxi_0007.OPERA-CONTEXT.static.lat-long.h5
w4c24/static/roxi_0006.HRIT.static.topo.h5
w4c24/static/boxi_0015.OPERA-CONTEXT.static.topo.h5
w4c24/static/roxi_0005.HRIT.static.topo.h5
w4c24/static/roxi_0007.OPERA.static.topo.h5
w4c24/static/boxi_0076.HRIT.static.topo.h5
w4c24/static/boxi_0015.OPERA-CONTEXT.static.lat-long.h5
w4c24/static/boxi_0015.OPERA.static.topo.h5
w4c24/static/boxi_0034.OPERA.static.lat-long.h5
w4c24/static/roxi_0004.OPERA.static.topo.h5
w4c24/static/roxi_0004.HRIT.static.topo.h5
w4c24/static/boxi_0076.HRIT.static.lat-long.h5
w4c24/static/boxi_0034.OPERA-CONTEXT.static.topo.h5
w4c24/static/boxi_0076.OPERA-CONTEXT.static.topo.h5
w4c24/static/boxi_0034.HRIT.static.topo.h5
w4c24/static/boxi_0034.HRIT.static.lat-long.h5
w4c24/static/roxi_0005.OPERA-CONTEXT.static.topo.h5
w4c24/static/roxi_0004.OPERA.static.lat-long.h5
w4c24/static/boxi_0015.OPERA.static.lat-long.h5
w4c24/static/roxi_0006.OPERA.static.topo.h5
w4c24/static/roxi_0004.OPERA-CONTEXT.static.lat-long.h5
w4c24/static/roxi_0006.OPERA-CONTEXT.static.topo.h5
w4c24/static/roxi_0007.HRIT.static.lat-long.h5
w4c24/static/roxi_0007.HRIT.static.topo.h5
w4c24/static/roxi_0005.OPERA-CONTEXT.static.lat-long.h5
w4c24/static/roxi_0007.OPERA.static.lat-long.h5
w4c24/static/boxi_0015.HRIT.static.topo.h5
w4c24/static/boxi_0034.OPERA-CONTEXT.static.lat-long.h5
w4c24/static/boxi_0076.OPERA.static.topo.h5
w4c24/static/roxi_0004.OPERA-CONTEXT.static.topo.h5
w4c24/ln.log
w4c24/timestamps_and_splits_stage2.csv
w4c24/2019/OPERA-CONTEXT/roxi_0005.train19.rates.crop.h5
w4c24/2019/OPERA-CONTEXT/roxi_0006.val19.rates.crop.h5
w4c24/2019/OPERA-CONTEXT/roxi_0004.val19.rates.crop.h5
w4c24/2019/OPERA-CONTEXT/boxi_0015.val19.rates.crop.h5
w4c24/2019/OPERA-CONTEXT/boxi_0076.val19.rates.crop.h5
w4c24/2019/OPERA-CONTEXT/roxi_0004.train19.rates.crop.h5
w4c24/2019/OPERA-CONTEXT/roxi_0007.train19.rates.crop.h5
w4c24/2019/OPERA-CONTEXT/boxi_0076.train19.rates.crop.h5
w4c24/2019/OPERA-CONTEXT/roxi_0006.train19.rates.crop.h5
w4c24/2019/OPERA-CONTEXT/roxi_0007.val19.rates.crop.h5
w4c24/2019/OPERA-CONTEXT/roxi_0005.val19.rates.crop.h5
w4c24/2019/OPERA-CONTEXT/boxi_0015.train19.rates.crop.h5
w4c24/2019/OPERA/boxi_0015.val.rates.crop.h5
w4c24/2019/OPERA/boxi_0034.val.rates.crop.h5
w4c24/2019/OPERA/roxi_0006.train.rates.crop.h5
w4c24/2019/OPERA/boxi_0034.train.rates.crop.h5
w4c24/2019/OPERA/roxi_0005.train.rates.crop.h5
w4c24/2019/OPERA/boxi_0076.train.rates.crop.h5
w4c24/2019/OPERA/boxi_0076.val.rates.crop.h5
w4c24/2019/OPERA/roxi_0005.val.rates.crop.h5
w4c24/2019/OPERA/roxi_0007.val.rates.crop.h5
w4c24/2019/OPERA/roxi_0004.train.rates.crop.h5
w4c24/2019/OPERA/roxi_0006.val.rates.crop.h5
w4c24/2019/OPERA/boxi_0015.train.rates.crop.h5
w4c24/2019/OPERA/roxi_0004.val.rates.crop.h5
w4c24/2019/OPERA/roxi_0007.train.rates.crop.h5
w4c24/2019/HRIT/roxi_0005.train.reflbt0.ns.h5
w4c24/2019/HRIT/roxi_0005.val.reflbt0.ns.h5
w4c24/2019/HRIT/roxi_0007.val.reflbt0.ns.h5
w4c24/2019/HRIT/roxi_0010.cum1test19.reflbt0.ns.h5
w4c24/2019/HRIT/boxi_0034.train.reflbt0.ns.h5
w4c24/2019/HRIT/boxi_0015.val.reflbt0.ns.h5
w4c24/2019/HRIT/roxi_0008.cum1test19.reflbt0.ns.h5
w4c24/2019/HRIT/boxi_0076.val.reflbt0.ns.h5
w4c24/2019/HRIT/roxi_0010.ev1test19.reflbt0.ns.h5
w4c24/2019/HRIT/boxi_0076.train.reflbt0.ns.h5
w4c24/2019/HRIT/boxi_0015.train.reflbt0.ns.h5
w4c24/2019/HRIT/roxi_0004.train.reflbt0.ns.h5
w4c24/2019/HRIT/roxi_0007.train.reflbt0.ns.h5
w4c24/2019/HRIT/roxi_0009.cum1test19.reflbt0.ns.h5
w4c24/2019/HRIT/roxi_0006.train.reflbt0.ns.h5
w4c24/2019/HRIT/roxi_0004.val.reflbt0.ns.h5
w4c24/2019/HRIT/boxi_0034.val.reflbt0.ns.h5
w4c24/2019/HRIT/roxi_0009.ev1test19.reflbt0.ns.h5
w4c24/2019/HRIT/roxi_0008.ev1test19.reflbt0.ns.h5
w4c24/2019/HRIT/roxi_0006.val.reflbt0.ns.h5
