'2019/HRIT/boxi_0015.train.reflbt0.ns.h5' -> '../../../w4c23/2019/HRIT/boxi_0015.train.reflbt0.ns.h5'
'2019/HRIT/boxi_0015.val.reflbt0.ns.h5' -> '../../../w4c23/2019/HRIT/boxi_0015.val.reflbt0.ns.h5'
'2019/HRIT/boxi_0034.train.reflbt0.ns.h5' -> '../../../w4c23/2019/HRIT/boxi_0034.train.reflbt0.ns.h5'
'2019/HRIT/boxi_0034.val.reflbt0.ns.h5' -> '../../../w4c23/2019/HRIT/boxi_0034.val.reflbt0.ns.h5'
'2019/HRIT/boxi_0076.train.reflbt0.ns.h5' -> '../../../w4c23/2019/HRIT/boxi_0076.train.reflbt0.ns.h5'
'2019/HRIT/boxi_0076.val.reflbt0.ns.h5' -> '../../../w4c23/2019/HRIT/boxi_0076.val.reflbt0.ns.h5'
'2019/HRIT/roxi_0004.train.reflbt0.ns.h5' -> '../../../w4c23/stage-2/2019/HRIT/roxi_0004.train.reflbt0.ns.h5'
'2019/HRIT/roxi_0004.val.reflbt0.ns.h5' -> '../../../w4c23/stage-2/2019/HRIT/roxi_0004.val.reflbt0.ns.h5'
'2019/HRIT/roxi_0005.train.reflbt0.ns.h5' -> '../../../w4c23/stage-2/2019/HRIT/roxi_0005.train.reflbt0.ns.h5'
'2019/HRIT/roxi_0005.val.reflbt0.ns.h5' -> '../../../w4c23/stage-2/2019/HRIT/roxi_0005.val.reflbt0.ns.h5'
'2019/HRIT/roxi_0006.train.reflbt0.ns.h5' -> '../../../w4c23/stage-2/2019/HRIT/roxi_0006.train.reflbt0.ns.h5'
'2019/HRIT/roxi_0006.val.reflbt0.ns.h5' -> '../../../w4c23/stage-2/2019/HRIT/roxi_0006.val.reflbt0.ns.h5'
'2019/HRIT/roxi_0007.train.reflbt0.ns.h5' -> '../../../w4c23/stage-2/2019/HRIT/roxi_0007.train.reflbt0.ns.h5'
'2019/HRIT/roxi_0007.val.reflbt0.ns.h5' -> '../../../w4c23/stage-2/2019/HRIT/roxi_0007.val.reflbt0.ns.h5'
'2020/HRIT/boxi_0015.train.reflbt0.ns.h5' -> '../../../w4c23/stage-2/2020/HRIT/boxi_0015.train.reflbt0.ns.h5'
'2020/HRIT/boxi_0015.val.reflbt0.ns.h5' -> '../../../w4c23/stage-2/2020/HRIT/boxi_0015.val.reflbt0.ns.h5'
'2020/HRIT/boxi_0034.train.reflbt0.ns.h5' -> '../../../w4c23/stage-2/2020/HRIT/boxi_0034.train.reflbt0.ns.h5'
'2020/HRIT/boxi_0034.val.reflbt0.ns.h5' -> '../../../w4c23/stage-2/2020/HRIT/boxi_0034.val.reflbt0.ns.h5'
'2020/HRIT/boxi_0076.train.reflbt0.ns.h5' -> '../../../w4c23/stage-2/2020/HRIT/boxi_0076.train.reflbt0.ns.h5'
'2020/HRIT/boxi_0076.val.reflbt0.ns.h5' -> '../../../w4c23/stage-2/2020/HRIT/boxi_0076.val.reflbt0.ns.h5'
'2020/HRIT/roxi_0004.train.reflbt0.ns.h5' -> '../../../w4c23/stage-2/2020/HRIT/roxi_0004.train.reflbt0.ns.h5'
'2020/HRIT/roxi_0004.val.reflbt0.ns.h5' -> '../../../w4c23/stage-2/2020/HRIT/roxi_0004.val.reflbt0.ns.h5'
'2020/HRIT/roxi_0005.train.reflbt0.ns.h5' -> '../../../w4c23/stage-2/2020/HRIT/roxi_0005.train.reflbt0.ns.h5'
'2020/HRIT/roxi_0005.val.reflbt0.ns.h5' -> '../../../w4c23/stage-2/2020/HRIT/roxi_0005.val.reflbt0.ns.h5'
'2020/HRIT/roxi_0006.train.reflbt0.ns.h5' -> '../../../w4c23/stage-2/2020/HRIT/roxi_0006.train.reflbt0.ns.h5'
'2020/HRIT/roxi_0006.val.reflbt0.ns.h5' -> '../../../w4c23/stage-2/2020/HRIT/roxi_0006.val.reflbt0.ns.h5'
'2020/HRIT/roxi_0007.train.reflbt0.ns.h5' -> '../../../w4c23/stage-2/2020/HRIT/roxi_0007.train.reflbt0.ns.h5'
'2020/HRIT/roxi_0007.val.reflbt0.ns.h5' -> '../../../w4c23/stage-2/2020/HRIT/roxi_0007.val.reflbt0.ns.h5'
